[debug] [2025-07-31T09:39:02.639Z] ----------------------------------------------------------------------
[debug] [2025-07-31T09:39:02.642Z] Command:       /Users/sanchitbatra/.nvm/versions/node/v18.12.1/bin/node /Users/sanchitbatra/.nvm/versions/node/v18.12.1/bin/firebase deploy
[debug] [2025-07-31T09:39:02.643Z] CLI Version:   13.30.0
[debug] [2025-07-31T09:39:02.644Z] Platform:      darwin
[debug] [2025-07-31T09:39:02.644Z] Node Version:  v18.12.1
[debug] [2025-07-31T09:39:02.646Z] Time:          Thu Jul 31 2025 15:09:02 GMT+0530 (India Standard Time)
[debug] [2025-07-31T09:39:02.646Z] ----------------------------------------------------------------------
[debug] 
[debug] [2025-07-31T09:39:02.657Z] >>> [apiv2][query] GET https://firebase-public.firebaseio.com/cli.json [none]
[debug] [2025-07-31T09:39:03.159Z] > command requires scopes: ["email","openid","https://www.googleapis.com/auth/cloudplatformprojects.readonly","https://www.googleapis.com/auth/firebase","https://www.googleapis.com/auth/cloud-platform"]
[debug] [2025-07-31T09:39:03.161Z] > authorizing via signed-in user (muskandeveloper36@gmail.com)
[debug] [2025-07-31T09:39:03.162Z] [iam] checking project kidysadminapp for permissions ["cloudfunctions.functions.create","cloudfunctions.functions.delete","cloudfunctions.functions.get","cloudfunctions.functions.list","cloudfunctions.functions.update","cloudfunctions.operations.get","firebase.projects.get","firebasehosting.sites.update"]
[debug] [2025-07-31T09:39:03.164Z] Checked if tokens are valid: true, expires at: 1753958253412
[debug] [2025-07-31T09:39:03.165Z] Checked if tokens are valid: true, expires at: 1753958253412
[debug] [2025-07-31T09:39:03.165Z] >>> [apiv2][query] POST https://cloudresourcemanager.googleapis.com/v1/projects/kidysadminapp:testIamPermissions [none]
[debug] [2025-07-31T09:39:03.166Z] >>> [apiv2][(partial)header] POST https://cloudresourcemanager.googleapis.com/v1/projects/kidysadminapp:testIamPermissions x-goog-quota-user=projects/kidysadminapp
[debug] [2025-07-31T09:39:03.167Z] >>> [apiv2][body] POST https://cloudresourcemanager.googleapis.com/v1/projects/kidysadminapp:testIamPermissions {"permissions":["cloudfunctions.functions.create","cloudfunctions.functions.delete","cloudfunctions.functions.get","cloudfunctions.functions.list","cloudfunctions.functions.update","cloudfunctions.operations.get","firebase.projects.get","firebasehosting.sites.update"]}
[debug] [2025-07-31T09:39:04.721Z] <<< [apiv2][status] POST https://cloudresourcemanager.googleapis.com/v1/projects/kidysadminapp:testIamPermissions 200
[debug] [2025-07-31T09:39:04.724Z] <<< [apiv2][body] POST https://cloudresourcemanager.googleapis.com/v1/projects/kidysadminapp:testIamPermissions {"permissions":["cloudfunctions.functions.create","cloudfunctions.functions.delete","cloudfunctions.functions.get","cloudfunctions.functions.list","cloudfunctions.functions.update","cloudfunctions.operations.get","firebase.projects.get","firebasehosting.sites.update"]}
[debug] [2025-07-31T09:39:04.728Z] Checked if tokens are valid: true, expires at: 1753958253412
[debug] [2025-07-31T09:39:04.729Z] Checked if tokens are valid: true, expires at: 1753958253412
[debug] [2025-07-31T09:39:04.729Z] >>> [apiv2][query] POST https://iam.googleapis.com/v1/projects/kidysadminapp/serviceAccounts/kidysadminapp@appspot.gserviceaccount.com:testIamPermissions [none]
[debug] [2025-07-31T09:39:04.729Z] >>> [apiv2][body] POST https://iam.googleapis.com/v1/projects/kidysadminapp/serviceAccounts/kidysadminapp@appspot.gserviceaccount.com:testIamPermissions {"permissions":["iam.serviceAccounts.actAs"]}
[debug] [2025-07-31T09:39:06.462Z] <<< [apiv2][status] POST https://iam.googleapis.com/v1/projects/kidysadminapp/serviceAccounts/kidysadminapp@appspot.gserviceaccount.com:testIamPermissions 200
[debug] [2025-07-31T09:39:06.466Z] <<< [apiv2][body] POST https://iam.googleapis.com/v1/projects/kidysadminapp/serviceAccounts/kidysadminapp@appspot.gserviceaccount.com:testIamPermissions {"permissions":["iam.serviceAccounts.actAs"]}
[debug] [2025-07-31T09:39:06.468Z] Checked if tokens are valid: true, expires at: 1753958253412
[debug] [2025-07-31T09:39:06.468Z] Checked if tokens are valid: true, expires at: 1753958253412
[debug] [2025-07-31T09:39:06.471Z] >>> [apiv2][query] GET https://firebase.googleapis.com/v1beta1/projects/kidysadminapp [none]
[debug] [2025-07-31T09:39:07.079Z] <<< [apiv2][status] GET https://firebase.googleapis.com/v1beta1/projects/kidysadminapp 200
[debug] [2025-07-31T09:39:07.084Z] <<< [apiv2][body] GET https://firebase.googleapis.com/v1beta1/projects/kidysadminapp {"projectId":"kidysadminapp","projectNumber":"547907905586","displayName":"KidysAdminApp","name":"projects/kidysadminapp","resources":{"hostingSite":"kidysadminapp","realtimeDatabaseInstance":"kidysadminapp-default-rtdb","locationId":"us-central"},"state":"ACTIVE","etag":"1_f68a9b32-16fc-4b67-9fd4-10437ac8be5c"}
[info] 
[info] === Deploying to 'kidysadminapp'...
[info] 
[info] i  deploying functions, hosting 
[debug] [2025-07-31T09:39:07.091Z] Checked if tokens are valid: true, expires at: 1753958253412
[debug] [2025-07-31T09:39:07.094Z] Checked if tokens are valid: true, expires at: 1753958253412
[debug] [2025-07-31T09:39:07.095Z] >>> [apiv2][query] GET https://cloudresourcemanager.googleapis.com/v1/projects/kidysadminapp [none]
[debug] [2025-07-31T09:39:08.652Z] <<< [apiv2][status] GET https://cloudresourcemanager.googleapis.com/v1/projects/kidysadminapp 200
[debug] [2025-07-31T09:39:08.655Z] <<< [apiv2][body] GET https://cloudresourcemanager.googleapis.com/v1/projects/kidysadminapp {"projectNumber":"547907905586","projectId":"kidysadminapp","lifecycleState":"ACTIVE","name":"KidysAdminApp","labels":{"firebase":"enabled"},"createTime":"2023-05-24T09:40:00.707814Z"}
[info] i  functions: preparing codebase default for deployment 
[info] i  functions: ensuring required API cloudfunctions.googleapis.com is enabled... 
[debug] [2025-07-31T09:39:08.658Z] Checked if tokens are valid: true, expires at: 1753958253412
[debug] [2025-07-31T09:39:08.659Z] Checked if tokens are valid: true, expires at: 1753958253412
[debug] [2025-07-31T09:39:08.660Z] Checked if tokens are valid: true, expires at: 1753958253412
[debug] [2025-07-31T09:39:08.660Z] Checked if tokens are valid: true, expires at: 1753958253412
[info] i  functions: ensuring required API cloudbuild.googleapis.com is enabled... 
[debug] [2025-07-31T09:39:08.661Z] Checked if tokens are valid: true, expires at: 1753958253412
[debug] [2025-07-31T09:39:08.661Z] Checked if tokens are valid: true, expires at: 1753958253412
[info] i  artifactregistry: ensuring required API artifactregistry.googleapis.com is enabled... 
[debug] [2025-07-31T09:39:08.662Z] Checked if tokens are valid: true, expires at: 1753958253412
[debug] [2025-07-31T09:39:08.663Z] Checked if tokens are valid: true, expires at: 1753958253412
[debug] [2025-07-31T09:39:08.663Z] >>> [apiv2][query] GET https://serviceusage.googleapis.com/v1/projects/kidysadminapp/services/cloudfunctions.googleapis.com [none]
[debug] [2025-07-31T09:39:08.663Z] >>> [apiv2][(partial)header] GET https://serviceusage.googleapis.com/v1/projects/kidysadminapp/services/cloudfunctions.googleapis.com x-goog-quota-user=projects/kidysadminapp
[debug] [2025-07-31T09:39:08.673Z] >>> [apiv2][query] GET https://serviceusage.googleapis.com/v1/projects/kidysadminapp/services/runtimeconfig.googleapis.com [none]
[debug] [2025-07-31T09:39:08.673Z] >>> [apiv2][(partial)header] GET https://serviceusage.googleapis.com/v1/projects/kidysadminapp/services/runtimeconfig.googleapis.com x-goog-quota-user=projects/kidysadminapp
[debug] [2025-07-31T09:39:08.675Z] >>> [apiv2][query] GET https://serviceusage.googleapis.com/v1/projects/kidysadminapp/services/cloudbuild.googleapis.com [none]
[debug] [2025-07-31T09:39:08.675Z] >>> [apiv2][(partial)header] GET https://serviceusage.googleapis.com/v1/projects/kidysadminapp/services/cloudbuild.googleapis.com x-goog-quota-user=projects/kidysadminapp
[debug] [2025-07-31T09:39:08.676Z] >>> [apiv2][query] GET https://serviceusage.googleapis.com/v1/projects/kidysadminapp/services/artifactregistry.googleapis.com [none]
[debug] [2025-07-31T09:39:08.676Z] >>> [apiv2][(partial)header] GET https://serviceusage.googleapis.com/v1/projects/kidysadminapp/services/artifactregistry.googleapis.com x-goog-quota-user=projects/kidysadminapp
[debug] [2025-07-31T09:39:10.458Z] <<< [apiv2][status] GET https://serviceusage.googleapis.com/v1/projects/kidysadminapp/services/cloudbuild.googleapis.com 200
[debug] [2025-07-31T09:39:10.458Z] <<< [apiv2][body] GET https://serviceusage.googleapis.com/v1/projects/kidysadminapp/services/cloudbuild.googleapis.com [omitted]
[info] ✔  functions: required API cloudbuild.googleapis.com is enabled 
[debug] [2025-07-31T09:39:10.459Z] <<< [apiv2][status] GET https://serviceusage.googleapis.com/v1/projects/kidysadminapp/services/runtimeconfig.googleapis.com 200
[debug] [2025-07-31T09:39:10.459Z] <<< [apiv2][body] GET https://serviceusage.googleapis.com/v1/projects/kidysadminapp/services/runtimeconfig.googleapis.com [omitted]
[debug] [2025-07-31T09:39:10.462Z] <<< [apiv2][status] GET https://serviceusage.googleapis.com/v1/projects/kidysadminapp/services/artifactregistry.googleapis.com 200
[debug] [2025-07-31T09:39:10.463Z] <<< [apiv2][body] GET https://serviceusage.googleapis.com/v1/projects/kidysadminapp/services/artifactregistry.googleapis.com [omitted]
[info] ✔  artifactregistry: required API artifactregistry.googleapis.com is enabled 
[debug] [2025-07-31T09:39:10.466Z] <<< [apiv2][status] GET https://serviceusage.googleapis.com/v1/projects/kidysadminapp/services/cloudfunctions.googleapis.com 200
[debug] [2025-07-31T09:39:10.466Z] <<< [apiv2][body] GET https://serviceusage.googleapis.com/v1/projects/kidysadminapp/services/cloudfunctions.googleapis.com [omitted]
[info] ✔  functions: required API cloudfunctions.googleapis.com is enabled 
[debug] [2025-07-31T09:39:10.467Z] Checked if tokens are valid: true, expires at: 1753958253412
[debug] [2025-07-31T09:39:10.467Z] Checked if tokens are valid: true, expires at: 1753958253412
[debug] [2025-07-31T09:39:10.468Z] >>> [apiv2][query] GET https://firebase.googleapis.com/v1beta1/projects/kidysadminapp/adminSdkConfig [none]
[debug] [2025-07-31T09:39:11.866Z] <<< [apiv2][status] GET https://firebase.googleapis.com/v1beta1/projects/kidysadminapp/adminSdkConfig 200
[debug] [2025-07-31T09:39:11.873Z] <<< [apiv2][body] GET https://firebase.googleapis.com/v1beta1/projects/kidysadminapp/adminSdkConfig {"projectId":"kidysadminapp","databaseURL":"https://kidysadminapp-default-rtdb.firebaseio.com","storageBucket":"kidysadminapp.appspot.com","locationId":"us-central"}
[debug] [2025-07-31T09:39:11.876Z] Checked if tokens are valid: true, expires at: 1753958253412
[debug] [2025-07-31T09:39:11.876Z] Checked if tokens are valid: true, expires at: 1753958253412
[debug] [2025-07-31T09:39:11.877Z] >>> [apiv2][query] GET https://runtimeconfig.googleapis.com/v1beta1/projects/kidysadminapp/configs [none]
[debug] [2025-07-31T09:39:12.512Z] <<< [apiv2][status] GET https://runtimeconfig.googleapis.com/v1beta1/projects/kidysadminapp/configs 200
[debug] [2025-07-31T09:39:12.519Z] <<< [apiv2][body] GET https://runtimeconfig.googleapis.com/v1beta1/projects/kidysadminapp/configs {}
[debug] [2025-07-31T09:39:12.526Z] Validating nodejs source
[warn] ⚠  functions: Runtime Node.js 18 was deprecated on 2025-04-30 and will be decommissioned on 2025-10-31, after which you will not be able to deploy without upgrading. Consider upgrading now to avoid disruption. See https://cloud.google.com/functions/docs/runtime-support for full details on the lifecycle policy 
[warn] ⚠  functions: package.json indicates an outdated version of firebase-functions. Please upgrade using npm install --save firebase-functions@latest in your functions directory. 
[warn] ⚠  functions: Please note that there will be breaking changes when you upgrade. 
[debug] [2025-07-31T09:39:13.763Z] > [functions] package.json contents: {
  "name": "functions",
  "description": "Cloud Functions for Firebase",
  "scripts": {
    "serve": "firebase emulators:start --only functions",
    "shell": "firebase functions:shell",
    "start": "npm run shell",
    "deploy": "firebase deploy --only functions",
    "logs": "firebase functions:log"
  },
  "engines": {
    "node": "18"
  },
  "main": "index.js",
  "dependencies": {
    "cors": "^2.8.5",
    "firebase-admin": "^12.4.0",
    "firebase-functions": "^4.4.1"
  },
  "devDependencies": {
    "firebase-functions-test": "^3.3.0"
  },
  "private": true
}
[debug] [2025-07-31T09:39:13.763Z] Building nodejs source
[info] i  functions: Loading and analyzing source code for codebase default to determine what to deploy 
[info] i  functions: You are using a version of firebase-functions SDK (4.9.0) that does not have support for the newest Firebase Extensions features. Please update firebase-functions SDK to >=5.1.0 to use them correctly 
[debug] [2025-07-31T09:39:13.768Z] Could not find functions.yaml. Must use http discovery
[debug] [2025-07-31T09:39:13.804Z] Found firebase-functions binary at '/Users/sanchitbatra/KidysAdminApp/kidysAdmin/functions/node_modules/.bin/firebase-functions'
[info] Serving at port 8005

[debug] [2025-07-31T09:39:14.990Z] Got response from /__/functions.yaml {"endpoints":{"sendApprovalNotification":{"platform":"gcfv1","availableMemoryMb":null,"timeoutSeconds":null,"minInstances":null,"maxInstances":null,"ingressSettings":null,"serviceAccountEmail":null,"vpc":null,"httpsTrigger":{},"entryPoint":"sendApprovalNotification"}},"specVersion":"v1alpha1","requiredAPIs":[]}
[info] i  functions: preparing functions directory for uploading... 
[info] i  functions: packaged /Users/sanchitbatra/KidysAdminApp/kidysAdmin/functions (115.4 KB) for uploading 
[debug] [2025-07-31T09:39:15.151Z] Checked if tokens are valid: true, expires at: 1753958253412
[debug] [2025-07-31T09:39:15.151Z] Checked if tokens are valid: true, expires at: 1753958253412
[debug] [2025-07-31T09:39:15.152Z] >>> [apiv2][query] GET https://cloudfunctions.googleapis.com/v1/projects/kidysadminapp/locations/-/functions [none]
[debug] [2025-07-31T09:39:16.210Z] <<< [apiv2][status] GET https://cloudfunctions.googleapis.com/v1/projects/kidysadminapp/locations/-/functions 200
[debug] [2025-07-31T09:39:16.210Z] <<< [apiv2][body] GET https://cloudfunctions.googleapis.com/v1/projects/kidysadminapp/locations/-/functions {"functions":[{"name":"projects/kidysadminapp/locations/us-central1/functions/sendApprovalNotification","httpsTrigger":{"url":"https://us-central1-kidysadminapp.cloudfunctions.net/sendApprovalNotification","securityLevel":"SECURE_ALWAYS"},"status":"ACTIVE","entryPoint":"sendApprovalNotification","timeout":"60s","availableMemoryMb":256,"serviceAccountEmail":"kidysadminapp@appspot.gserviceaccount.com","updateTime":"2024-09-04T14:50:06.978Z","versionId":"19","labels":{"deployment-tool":"cli-firebase","firebase-functions-hash":"9fcaf39c706afb3b4cd8e13593730d7a5efded6f"},"sourceUploadUrl":"https://storage.googleapis.com/uploads-203980665889.us-central1.cloudfunctions.appspot.com/c5ab130a-949f-4412-9d76-e7ebf6b39627.zip","environmentVariables":{"FIREBASE_CONFIG":"{\"projectId\":\"kidysadminapp\",\"databaseURL\":\"https://kidysadminapp-default-rtdb.firebaseio.com\",\"storageBucket\":\"kidysadminapp.appspot.com\",\"locationId\":\"us-central\"}","GCLOUD_PROJECT":"kidysadminapp","EVENTARC_CLOUD_EVENT_SOURCE":"projects/kidysadminapp/locations/us-central1/functions/sendApprovalNotification"},"runtime":"nodejs18","ingressSettings":"ALLOW_ALL","buildId":"4562c7b1-0a6b-42d8-ab3c-7a4df56a46de","buildEnvironmentVariables":{"GOOGLE_NODE_RUN_SCRIPTS":""},"buildName":"projects/547907905586/locations/us-central1/builds/4562c7b1-0a6b-42d8-ab3c-7a4df56a46de","dockerRegistry":"ARTIFACT_REGISTRY","automaticUpdatePolicy":{},"satisfiesPzi":true}]}
[debug] [2025-07-31T09:39:16.212Z] Checked if tokens are valid: true, expires at: 1753958253412
[debug] [2025-07-31T09:39:16.212Z] Checked if tokens are valid: true, expires at: 1753958253412
[debug] [2025-07-31T09:39:16.213Z] >>> [apiv2][query] GET https://cloudfunctions.googleapis.com/v2/projects/kidysadminapp/locations/-/functions filter=environment%3D%22GEN_2%22
[debug] [2025-07-31T09:39:18.118Z] <<< [apiv2][status] GET https://cloudfunctions.googleapis.com/v2/projects/kidysadminapp/locations/-/functions 200
[debug] [2025-07-31T09:39:18.119Z] <<< [apiv2][body] GET https://cloudfunctions.googleapis.com/v2/projects/kidysadminapp/locations/-/functions {}
[debug] [2025-07-31T09:39:18.124Z] Checked if tokens are valid: true, expires at: 1753958253412
[debug] [2025-07-31T09:39:18.124Z] Checked if tokens are valid: true, expires at: 1753958253412
[debug] [2025-07-31T09:39:18.124Z] >>> [apiv2][query] GET https://cloudresourcemanager.googleapis.com/v1/projects/kidysadminapp [none]
[debug] [2025-07-31T09:39:19.663Z] <<< [apiv2][status] GET https://cloudresourcemanager.googleapis.com/v1/projects/kidysadminapp 200
[debug] [2025-07-31T09:39:19.664Z] <<< [apiv2][body] GET https://cloudresourcemanager.googleapis.com/v1/projects/kidysadminapp {"projectNumber":"547907905586","projectId":"kidysadminapp","lifecycleState":"ACTIVE","name":"KidysAdminApp","labels":{"firebase":"enabled"},"createTime":"2023-05-24T09:40:00.707814Z"}
[debug] [2025-07-31T09:39:19.674Z] Checked if tokens are valid: true, expires at: 1753958253412
[debug] [2025-07-31T09:39:19.675Z] Checked if tokens are valid: true, expires at: 1753958253412
[debug] [2025-07-31T09:39:19.675Z] >>> [apiv2][query] POST https://firebasehosting.googleapis.com/v1beta1/projects/-/sites/kidysadminapp/versions [none]
[debug] [2025-07-31T09:39:19.675Z] >>> [apiv2][body] POST https://firebasehosting.googleapis.com/v1beta1/projects/-/sites/kidysadminapp/versions {"status":"CREATED","labels":{"deployment-tool":"cli-firebase"}}
[debug] [2025-07-31T09:39:21.526Z] <<< [apiv2][status] POST https://firebasehosting.googleapis.com/v1beta1/projects/-/sites/kidysadminapp/versions 200
[debug] [2025-07-31T09:39:21.527Z] <<< [apiv2][body] POST https://firebasehosting.googleapis.com/v1beta1/projects/-/sites/kidysadminapp/versions {"name":"projects/547907905586/sites/kidysadminapp/versions/214c481b11a9f82c","status":"CREATED","config":{},"labels":{"deployment-tool":"cli-firebase"}}
[debug] [2025-07-31T09:40:18.187Z] *** [apiv2] error from fetch(https://firebase-public.firebaseio.com/cli.json, {"headers":{},"method":"GET"}): FetchError: request to https://firebase-public.firebaseio.com/cli.json failed, reason: connect ETIMEDOUT 2600:1901:0:4d00:::443
[warn] ⚠  Unable to fetch the CLI MOTD and remote config. This is not a fatal error, but may indicate an issue with your network connection. 
[debug] [2025-07-31T09:40:18.189Z] Failed to fetch MOTD FirebaseError: Failed to make request to https://firebase-public.firebaseio.com/cli.json
[info] i  hosting[kidysadminapp]: beginning deploy... 
[info] i  hosting[kidysadminapp]: found 26 files in dist 
[debug] [2025-07-31T09:40:34.922Z] [hosting] uploading with 200 concurrency
[debug] [2025-07-31T09:40:35.082Z] Checked if tokens are valid: true, expires at: 1753958253412
[debug] [2025-07-31T09:40:35.088Z] Checked if tokens are valid: true, expires at: 1753958253412
[debug] [2025-07-31T09:40:35.092Z] [hosting] hash cache [ZGlzdA] stored for 26 files
[debug] [2025-07-31T09:40:35.092Z] [hosting][hash queue][FINAL] {"max":148,"min":20,"avg":40.88461538461539,"active":0,"complete":26,"success":26,"errored":0,"retried":0,"total":26,"elapsed":165}
[debug] [2025-07-31T09:40:35.095Z] >>> [apiv2][query] POST https://firebasehosting.googleapis.com/v1beta1/projects/547907905586/sites/kidysadminapp/versions/214c481b11a9f82c:populateFiles [none]
[debug] [2025-07-31T09:40:35.096Z] >>> [apiv2][body] POST https://firebasehosting.googleapis.com/v1beta1/projects/547907905586/sites/kidysadminapp/versions/214c481b11a9f82c:populateFiles {"files":{"/runtime.2bed8eaea00b8aca.js":"05e344356051f1eb188c671cd0d9ff0dbbb069b3d90cc5970ddc9157f716eef4","/hue.8b1818380241e6ac.png":"569d2b8165f6cb9e0a66bdb245bde9937da48cc07300b1cdc21d822a465cd813","/index.html":"f5f5bf37ecc3c8392e2d720c31a7c4c1aed47b952eb9f7c07cfc2c8729c506fe","/polyfills.c033d52daa516a75.js":"f6f908d7694d5268b89b4631d2201ca039e7f68b65da7a8d9ce9d3af76daa8db","/favicon.ico":"a2aee5309d0b59b9b66384ccc3969a07fab1b320d0bf76f1b25047a051d7f774","/color.dae87a04d07ca92b.png":"41fc06312d0bbd6146e906ee8e60702eca6a0df62e34f1b6c4176120e4ce524d","/3rdpartylicenses.txt":"87835ddc23feed0d3fe433fbb850ad4470097b106647a1bfb487eb51c1d55109","/assets/fonts/OFL.txt":"33737d5401415ba6750b51c76f4a4b37410ae737ff7ff7852c6b8b08cc9099dd","/primeicons.ba3f916dfb64be8c.woff2":"49b29c291d7c67914e40f3b2d619dcdc80a0a1c7cca38560674d773f3f623e01","/glyphicons-halflings-regular.b70781972ce7320b.woff2":"15f2a5a735481cbef6b0a3c6427841b42cc4260d56ff47c2fc446abde74f39e6","/glyphicons-halflings-regular.7a0f4b092e86cb52.eot":"af4eebf1dbfcf400b712f15bf7c2cd286f5588a03b7b013e65c865d5571c813e","/glyphicons-halflings-regular.4ba85deaf3670942.woff":"002a696b7086f9dd1bb8ff4f9998c880f54604e1ecc463139953ddb5fe81382c","/glyphicons-halflings-regular.009b407a9881be10.ttf":"45f408e068697e48a10e18cae5c1f8e9e9d5cb6b4c4d123b6b3c8486690eb498","/assets/backup.jpeg":"f1ed0dfb04fde8eced77a199d68853ae7c398c6793e66aa28799627266497fe4","/assets/julyQR-kidys.jpeg":"464505b3851cc5ff39c8981c152fb51e5836474a64e16c487f5f26388870c155","/primeicons.ffecb2549ad1765a.eot":"502db48d0ea9f38299485b5f9a45fcc0f4567abb671fe1fbd9d53d0c575eaba1","/primeicons.f8b9e8a4e401b603.woff":"f8e3fccb99d8be384abe85987a75a229d3b6055462707d83209ebda941e74dc5","/primeicons.0112589c5695a9ed.ttf":"d2138cb7de8de0a79ef85555d9bf0f92a5ca95e8c3d8486a0f627d030bf02533","/assets/kidys-QR.jpeg":"f9189c39c0595d93d23be1b02fc4b971f23812c719441c2bcd2f5f039a168d81","/glyphicons-halflings-regular.85f0466cb4ab3a4d.svg":"7b5b4b2b718bed266b6f32dda8a28fc9d9792b5b03bb0a905a7b8224b9d95d16","/assets/bgBakery.jpeg":"e5babfd4eaea9458d9f5fefd56e0fd5a84ea8a6ddae52768e5c66684f1aa4bc2","/styles.4ca2759777041668.css":"dcf93be9418b3c60d55075a3baaa49ad685423be0373f5ec95f126f2d0251ce9","/primeicons.943ab24c43224d29.svg":"dbe2bddd845c88d19cfd67030908df14a50459e444795fabbb5a016c8b027f11","/assets/fonts/Pangolin-Regular.ttf":"9eef320ee5399e996d545d5e4c38c27279ddc2342906f948937b6c47f5069bd6","/assets/kidys logo-17.png":"119590017544ffdea8bfe2d41914c78936ff2c51a66dd145ce74f810b48733e4","/main.43580b6fa1ed13bd.js":"94042d23161a5a96a2a98c28ff89a1ecf8068bb9d106ee2139a50630ed2d4dfe"}}
[debug] [2025-07-31T09:40:36.281Z] <<< [apiv2][status] POST https://firebasehosting.googleapis.com/v1beta1/projects/547907905586/sites/kidysadminapp/versions/214c481b11a9f82c:populateFiles 200
[debug] [2025-07-31T09:40:36.281Z] <<< [apiv2][body] POST https://firebasehosting.googleapis.com/v1beta1/projects/547907905586/sites/kidysadminapp/versions/214c481b11a9f82c:populateFiles {"uploadRequiredHashes":["94042d23161a5a96a2a98c28ff89a1ecf8068bb9d106ee2139a50630ed2d4dfe","f5f5bf37ecc3c8392e2d720c31a7c4c1aed47b952eb9f7c07cfc2c8729c506fe","464505b3851cc5ff39c8981c152fb51e5836474a64e16c487f5f26388870c155"],"uploadUrl":"https://upload-firebasehosting.googleapis.com/upload/sites/kidysadminapp/versions/214c481b11a9f82c/files"}
[debug] [2025-07-31T09:40:36.283Z] Checked if tokens are valid: true, expires at: 1753958253412
[debug] [2025-07-31T09:40:36.283Z] Checked if tokens are valid: true, expires at: 1753958253412
[debug] [2025-07-31T09:40:36.283Z] Checked if tokens are valid: true, expires at: 1753958253412
[debug] [2025-07-31T09:40:36.283Z] Checked if tokens are valid: true, expires at: 1753958253412
[debug] [2025-07-31T09:40:36.284Z] Checked if tokens are valid: true, expires at: 1753958253412
[debug] [2025-07-31T09:40:36.284Z] Checked if tokens are valid: true, expires at: 1753958253412
[debug] [2025-07-31T09:40:36.284Z] >>> [apiv2][query] POST https://upload-firebasehosting.googleapis.com/upload/sites/kidysadminapp/versions/214c481b11a9f82c/files/94042d23161a5a96a2a98c28ff89a1ecf8068bb9d106ee2139a50630ed2d4dfe [none]
[debug] [2025-07-31T09:40:36.284Z] >>> [apiv2][body] POST https://upload-firebasehosting.googleapis.com/upload/sites/kidysadminapp/versions/214c481b11a9f82c/files/94042d23161a5a96a2a98c28ff89a1ecf8068bb9d106ee2139a50630ed2d4dfe [stream]
[debug] [2025-07-31T09:40:36.286Z] >>> [apiv2][query] POST https://upload-firebasehosting.googleapis.com/upload/sites/kidysadminapp/versions/214c481b11a9f82c/files/f5f5bf37ecc3c8392e2d720c31a7c4c1aed47b952eb9f7c07cfc2c8729c506fe [none]
[debug] [2025-07-31T09:40:36.286Z] >>> [apiv2][body] POST https://upload-firebasehosting.googleapis.com/upload/sites/kidysadminapp/versions/214c481b11a9f82c/files/f5f5bf37ecc3c8392e2d720c31a7c4c1aed47b952eb9f7c07cfc2c8729c506fe [stream]
[debug] [2025-07-31T09:40:36.290Z] >>> [apiv2][query] POST https://upload-firebasehosting.googleapis.com/upload/sites/kidysadminapp/versions/214c481b11a9f82c/files/464505b3851cc5ff39c8981c152fb51e5836474a64e16c487f5f26388870c155 [none]
[debug] [2025-07-31T09:40:36.291Z] >>> [apiv2][body] POST https://upload-firebasehosting.googleapis.com/upload/sites/kidysadminapp/versions/214c481b11a9f82c/files/464505b3851cc5ff39c8981c152fb51e5836474a64e16c487f5f26388870c155 [stream]
[debug] [2025-07-31T09:40:36.293Z] [hosting][populate queue][FINAL] {"max":1205,"min":1205,"avg":1205,"active":0,"complete":1,"success":1,"errored":0,"retried":0,"total":1,"elapsed":1214}
[debug] [2025-07-31T09:40:36.294Z] [hosting] uploads queued: 3
[debug] [2025-07-31T09:40:37.936Z] <<< [apiv2][status] POST https://upload-firebasehosting.googleapis.com/upload/sites/kidysadminapp/versions/214c481b11a9f82c/files/f5f5bf37ecc3c8392e2d720c31a7c4c1aed47b952eb9f7c07cfc2c8729c506fe 200
[debug] [2025-07-31T09:40:37.938Z] <<< [apiv2][body] POST https://upload-firebasehosting.googleapis.com/upload/sites/kidysadminapp/versions/214c481b11a9f82c/files/f5f5bf37ecc3c8392e2d720c31a7c4c1aed47b952eb9f7c07cfc2c8729c506fe [stream]
[debug] [2025-07-31T09:40:38.212Z] <<< [apiv2][status] POST https://upload-firebasehosting.googleapis.com/upload/sites/kidysadminapp/versions/214c481b11a9f82c/files/464505b3851cc5ff39c8981c152fb51e5836474a64e16c487f5f26388870c155 200
[debug] [2025-07-31T09:40:38.213Z] <<< [apiv2][body] POST https://upload-firebasehosting.googleapis.com/upload/sites/kidysadminapp/versions/214c481b11a9f82c/files/464505b3851cc5ff39c8981c152fb51e5836474a64e16c487f5f26388870c155 [stream]
[debug] [2025-07-31T09:40:38.338Z] <<< [apiv2][status] POST https://upload-firebasehosting.googleapis.com/upload/sites/kidysadminapp/versions/214c481b11a9f82c/files/94042d23161a5a96a2a98c28ff89a1ecf8068bb9d106ee2139a50630ed2d4dfe 200
[debug] [2025-07-31T09:40:38.338Z] <<< [apiv2][body] POST https://upload-firebasehosting.googleapis.com/upload/sites/kidysadminapp/versions/214c481b11a9f82c/files/94042d23161a5a96a2a98c28ff89a1ecf8068bb9d106ee2139a50630ed2d4dfe [stream]
[debug] [2025-07-31T09:40:38.340Z] [hosting][upload queue][FINAL] {"max":2058,"min":1656,"avg":1881.3333333333333,"active":0,"complete":3,"success":3,"errored":0,"retried":0,"total":3,"elapsed":2059}
[info] ✔  hosting[kidysadminapp]: file upload complete 
[debug] [2025-07-31T09:40:38.347Z] [hosting] deploy completed after 3476ms
[info] i  functions: Skipping the deploy of unchanged functions. 
[info] ✔  functions[sendApprovalNotification(us-central1)] Skipped (No changes detected) 
[debug] [2025-07-31T09:40:38.361Z] Total Function Deployment time: 1
[debug] [2025-07-31T09:40:38.361Z] 0 Functions Deployed
[debug] [2025-07-31T09:40:38.361Z] 0 Functions Errored
[debug] [2025-07-31T09:40:38.361Z] 0 Function Deployments Aborted
[debug] [2025-07-31T09:40:38.361Z] Average Function Deployment time: NaN
[debug] [2025-07-31T09:41:53.369Z] Not printing URL for HTTPS function. Typically this means it didn't match a filter or we failed deployment
[info] i  functions: cleaning up build files... 
[debug] [2025-07-31T09:41:53.376Z] Checked if tokens are valid: true, expires at: 1753958253412
[debug] [2025-07-31T09:41:53.377Z] Checked if tokens are valid: true, expires at: 1753958253412
[debug] [2025-07-31T09:41:53.380Z] Checked if tokens are valid: true, expires at: 1753958253412
[debug] [2025-07-31T09:41:53.380Z] Checked if tokens are valid: true, expires at: 1753958253412
[debug] [2025-07-31T09:41:53.381Z] >>> [apiv2][query] DELETE https://artifactregistry.googleapis.com/v1beta2/projects/kidysadminapp/locations/us-central1/repositories/gcf-artifacts/packages/send_approval_notification [none]
[debug] [2025-07-31T09:41:53.385Z] >>> [apiv2][query] GET https://us.gcr.io/v2/kidysadminapp/gcf/us-central1/tags/list [none]
[debug] [2025-07-31T09:41:54.162Z] <<< [apiv2][status] DELETE https://artifactregistry.googleapis.com/v1beta2/projects/kidysadminapp/locations/us-central1/repositories/gcf-artifacts/packages/send_approval_notification 404
[debug] [2025-07-31T09:41:54.163Z] <<< [apiv2][body] DELETE https://artifactregistry.googleapis.com/v1beta2/projects/kidysadminapp/locations/us-central1/repositories/gcf-artifacts/packages/send_approval_notification {"error":{"code":404,"message":"Package \"projects/kidysadminapp/locations/us-central1/repositories/gcf-artifacts/packages/send_approval_notification\" was not found.","status":"NOT_FOUND"}}
[debug] [2025-07-31T09:41:54.466Z] <<< [apiv2][status] GET https://us.gcr.io/v2/kidysadminapp/gcf/us-central1/tags/list 200
[debug] [2025-07-31T09:41:54.466Z] <<< [apiv2][body] GET https://us.gcr.io/v2/kidysadminapp/gcf/us-central1/tags/list {"child":[],"manifest":{},"name":"kidysadminapp/gcf/us-central1","tagTimestamps":{},"tags":[]}
[debug] [2025-07-31T09:41:54.466Z] Could not find image for function projects/kidysadminapp/locations/us-central1/functions/sendApprovalNotification
[debug] [2025-07-31T09:41:54.467Z] [
  {
    "config": {
      "public": "dist",
      "ignore": [
        "firebase.json",
        "**/.*",
        "**/node_modules/**"
      ],
      "rewrites": [
        {
          "source": "**",
          "destination": "/index.html"
        }
      ],
      "site": "kidysadminapp"
    },
    "version": "projects/547907905586/sites/kidysadminapp/versions/214c481b11a9f82c"
  }
]
[info] i  hosting[kidysadminapp]: finalizing version... 
[debug] [2025-07-31T09:41:54.469Z] Checked if tokens are valid: true, expires at: 1753958253412
[debug] [2025-07-31T09:41:54.469Z] Checked if tokens are valid: true, expires at: 1753958253412
[debug] [2025-07-31T09:41:54.470Z] >>> [apiv2][query] PATCH https://firebasehosting.googleapis.com/v1beta1/projects/-/sites/kidysadminapp/versions/214c481b11a9f82c updateMask=status%2Cconfig
[debug] [2025-07-31T09:41:54.471Z] >>> [apiv2][body] PATCH https://firebasehosting.googleapis.com/v1beta1/projects/-/sites/kidysadminapp/versions/214c481b11a9f82c {"status":"FINALIZED","config":{"rewrites":[{"glob":"**","path":"/index.html"}]}}
[debug] [2025-07-31T09:41:55.713Z] <<< [apiv2][status] PATCH https://firebasehosting.googleapis.com/v1beta1/projects/-/sites/kidysadminapp/versions/214c481b11a9f82c 200
[debug] [2025-07-31T09:41:55.714Z] <<< [apiv2][body] PATCH https://firebasehosting.googleapis.com/v1beta1/projects/-/sites/kidysadminapp/versions/214c481b11a9f82c {"name":"projects/547907905586/sites/kidysadminapp/versions/214c481b11a9f82c","status":"FINALIZED","config":{"rewrites":[{"glob":"**","path":"/index.html"}]},"labels":{"deployment-tool":"cli-firebase"},"createTime":"2025-07-31T09:39:20.933537Z","createUser":{"email":"muskandeveloper36@gmail.com"},"finalizeTime":"2025-07-31T09:41:55.467971Z","finalizeUser":{"email":"muskandeveloper36@gmail.com"}}
[debug] [2025-07-31T09:41:55.714Z] [hosting] finalized version for kidysadminapp:[object Object]
[info] ✔  hosting[kidysadminapp]: version finalized 
[info] i  hosting[kidysadminapp]: releasing new version... 
[debug] [2025-07-31T09:41:55.716Z] Checked if tokens are valid: true, expires at: 1753958253412
[debug] [2025-07-31T09:41:55.716Z] Checked if tokens are valid: true, expires at: 1753958253412
[debug] [2025-07-31T09:41:55.718Z] >>> [apiv2][query] POST https://firebasehosting.googleapis.com/v1beta1/projects/-/sites/kidysadminapp/channels/live/releases versionName=projects%2F547907905586%2Fsites%2Fkidysadminapp%2Fversions%2F214c481b11a9f82c
[debug] [2025-07-31T09:41:55.718Z] >>> [apiv2][body] POST https://firebasehosting.googleapis.com/v1beta1/projects/-/sites/kidysadminapp/channels/live/releases {}
[debug] [2025-07-31T09:41:56.937Z] <<< [apiv2][status] POST https://firebasehosting.googleapis.com/v1beta1/projects/-/sites/kidysadminapp/channels/live/releases 200
[debug] [2025-07-31T09:41:56.937Z] <<< [apiv2][body] POST https://firebasehosting.googleapis.com/v1beta1/projects/-/sites/kidysadminapp/channels/live/releases {"name":"projects/547907905586/sites/kidysadminapp/channels/live/releases/1753954916193000","version":{"name":"projects/547907905586/sites/kidysadminapp/versions/214c481b11a9f82c","status":"FINALIZED","config":{"rewrites":[{"glob":"**","path":"/index.html"}]},"labels":{"deployment-tool":"cli-firebase"},"createTime":"2025-07-31T09:39:20.933537Z","createUser":{"email":"muskandeveloper36@gmail.com","imageUrl":"https://lh3.googleusercontent.com/a/ACg8ocIzTzXKD9C1vVPEQL-zYsvEqdqgW4YLUx2Ib_NqaLyegArzog=mo"},"finalizeTime":"2025-07-31T09:41:55.467971Z","finalizeUser":{"email":"muskandeveloper36@gmail.com","imageUrl":"https://lh3.googleusercontent.com/a/ACg8ocIzTzXKD9C1vVPEQL-zYsvEqdqgW4YLUx2Ib_NqaLyegArzog=mo"}},"type":"DEPLOY","releaseTime":"2025-07-31T09:41:56.193Z","releaseUser":{"email":"muskandeveloper36@gmail.com","imageUrl":"https://lh3.googleusercontent.com/a/ACg8ocIzTzXKD9C1vVPEQL-zYsvEqdqgW4YLUx2Ib_NqaLyegArzog=mo"}}
[debug] [2025-07-31T09:41:56.938Z] [hosting] release: {"name":"projects/547907905586/sites/kidysadminapp/channels/live/releases/1753954916193000","version":{"name":"projects/547907905586/sites/kidysadminapp/versions/214c481b11a9f82c","status":"FINALIZED","config":{"rewrites":[{"glob":"**","path":"/index.html"}]},"labels":{"deployment-tool":"cli-firebase"},"createTime":"2025-07-31T09:39:20.933537Z","createUser":{"email":"muskandeveloper36@gmail.com","imageUrl":"https://lh3.googleusercontent.com/a/ACg8ocIzTzXKD9C1vVPEQL-zYsvEqdqgW4YLUx2Ib_NqaLyegArzog=mo"},"finalizeTime":"2025-07-31T09:41:55.467971Z","finalizeUser":{"email":"muskandeveloper36@gmail.com","imageUrl":"https://lh3.googleusercontent.com/a/ACg8ocIzTzXKD9C1vVPEQL-zYsvEqdqgW4YLUx2Ib_NqaLyegArzog=mo"}},"type":"DEPLOY","releaseTime":"2025-07-31T09:41:56.193Z","releaseUser":{"email":"muskandeveloper36@gmail.com","imageUrl":"https://lh3.googleusercontent.com/a/ACg8ocIzTzXKD9C1vVPEQL-zYsvEqdqgW4YLUx2Ib_NqaLyegArzog=mo"}}
[info] ✔  hosting[kidysadminapp]: release complete 
[info] 
[info] ✔  Deploy complete! 
[info] 
[info] Project Console: https://console.firebase.google.com/project/kidysadminapp/overview
[info] Hosting URL: https://kidysadminapp.web.app
[debug] [2025-07-31T09:43:21.968Z] Error: Timed out.
    at Timeout._onTimeout (/Users/sanchitbatra/.nvm/versions/node/v18.12.1/lib/node_modules/firebase-tools/lib/utils.js:269:49)
    at listOnTimeout (node:internal/timers:564:17)
    at process.processTimers (node:internal/timers:507:7)
[error] 
[error] Error: An unexpected error has occurred.
